/home/FYP/mchern001/.conda/envs/FYPcuda/lib/python3.11/site-packages/torch/functional.py:507: UserWarning: torch.meshgrid: in an upcoming release, it will be required to pass the indexing argument. (Triggered internally at ../aten/src/ATen/native/TensorShape.cpp:3549.)
  return _VF.meshgrid(tensors, **kwargs)  # type: ignore[attr-defined]
  0%|          | 0/282 [00:00<?, ?batch/s]Epoch 0:   0%|          | 0/282 [00:01<?, ?batch/s]Epoch 0:   0%|          | 0/282 [00:01<?, ?batch/s]
Traceback (most recent call last):
  File "/home/FYP/mchern001/FYP/fyp/swinir/main_training_swinir_fr.py", line 184, in <module>
    sr = model_gen(lr)
         ^^^^^^^^^^^^^
  File "/home/FYP/mchern001/.conda/envs/FYPcuda/lib/python3.11/site-packages/torch/nn/modules/module.py", line 1511, in _wrapped_call_impl
    return self._call_impl(*args, **kwargs)
           ^^^^^^^^^^^^^^^^^^^^^^^^^^^^^^^^
  File "/home/FYP/mchern001/.conda/envs/FYPcuda/lib/python3.11/site-packages/torch/nn/modules/module.py", line 1520, in _call_impl
    return forward_call(*args, **kwargs)
           ^^^^^^^^^^^^^^^^^^^^^^^^^^^^^
  File "/home/FYP/mchern001/FYP/fyp/swinir/models/network_swinir.py", line 813, in forward
    x = self.conv_first(x)
        ^^^^^^^^^^^^^^^^^^
  File "/home/FYP/mchern001/.conda/envs/FYPcuda/lib/python3.11/site-packages/torch/nn/modules/module.py", line 1511, in _wrapped_call_impl
    return self._call_impl(*args, **kwargs)
           ^^^^^^^^^^^^^^^^^^^^^^^^^^^^^^^^
  File "/home/FYP/mchern001/.conda/envs/FYPcuda/lib/python3.11/site-packages/torch/nn/modules/module.py", line 1520, in _call_impl
    return forward_call(*args, **kwargs)
           ^^^^^^^^^^^^^^^^^^^^^^^^^^^^^
  File "/home/FYP/mchern001/.conda/envs/FYPcuda/lib/python3.11/site-packages/torch/nn/modules/conv.py", line 460, in forward
    return self._conv_forward(input, self.weight, self.bias)
           ^^^^^^^^^^^^^^^^^^^^^^^^^^^^^^^^^^^^^^^^^^^^^^^^^
  File "/home/FYP/mchern001/.conda/envs/FYPcuda/lib/python3.11/site-packages/torch/nn/modules/conv.py", line 456, in _conv_forward
    return F.conv2d(input, weight, bias, self.stride,
           ^^^^^^^^^^^^^^^^^^^^^^^^^^^^^^^^^^^^^^^^^^
RuntimeError: Input type (torch.FloatTensor) and weight type (torch.cuda.FloatTensor) should be the same or input should be a MKLDNN tensor and weight is a dense tensor
